<?xml version="1.0" encoding="UTF-8"?>
<testng-results ignored="0" total="2" passed="2" failed="0" skipped="0">
  <reporter-output>
  </reporter-output>
  <suite started-at="2024-01-20T22:34:47 IST" name="Default suite" finished-at="2024-01-20T22:34:52 IST" duration-ms="5662">
    <groups>
    </groups>
    <test started-at="2024-01-20T22:34:47 IST" name="Default test" finished-at="2024-01-20T22:34:52 IST" duration-ms="5662">
      <class name="TestPage.Automation_Test_AmazonIN">
        <test-method signature="setUp()[pri:0, instance:TestPage.Automation_Test_AmazonIN@62379589]" started-at="2024-01-20T22:34:47 IST" name="setUp" finished-at="2024-01-20T22:34:52 IST" duration-ms="5218" status="PASS">
          <reporter-output>
          </reporter-output>
        </test-method> <!-- setUp -->
        <test-method signature="verifyHomePage()[pri:0, instance:TestPage.Automation_Test_AmazonIN@62379589]" started-at="2024-01-20T22:34:52 IST" name="verifyHomePage" finished-at="2024-01-20T22:34:52 IST" duration-ms="65" status="PASS">
          <reporter-output>
          </reporter-output>
        </test-method> <!-- verifyHomePage -->
        <test-method is-config="true" signature="closeBrowser()[pri:0, instance:TestPage.Automation_Test_AmazonIN@62379589]" started-at="2024-01-20T22:34:52 IST" name="closeBrowser" finished-at="2024-01-20T22:34:52 IST" duration-ms="297" status="PASS">
          <reporter-output>
          </reporter-output>
        </test-method> <!-- closeBrowser -->
      </class> <!-- TestPage.Automation_Test_AmazonIN -->
    </test> <!-- Default test -->
  </suite> <!-- Default suite -->
</testng-results>
